        -:    0:Source:../src/door_control/door_fsm.c
        -:    0:Graph:test_runner-door_fsm.gcno
        -:    0:Data:test_runner-door_fsm.gcda
        -:    0:Runs:1
        -:    1:/**
        -:    2: * @file door_fsm.c
        -:    3: * @brief Door Control Finite State Machine Implementation (MOD-001)
        -:    4: * 
        -:    5: * @project train_door_control2
        -:    6: * @sil SIL 3
        -:    7: * @standard EN 50128:2011 Section 7.4, Table A.4
        -:    8: * @compliance MISRA C:2012
        -:    9: * @traceability DOC-COMPDES-2026-001 v1.0 Section 3.1 (MOD-001)
        -:   10: * 
        -:   11: * @description
        -:   12: * Implements 7-state door control FSM with full defensive programming.
        -:   13: * All functions meet SIL 3 complexity requirement (≤10).
        -:   14: */
        -:   15:
        -:   16:#include "door_fsm.h"
        -:   17:
        -:   18:/* Forward declarations for HAL functions (to be implemented in HAL modules) */
        -:   19:extern error_t sensor_hal_read_position(door_side_t side, uint16_t* position_raw);
        -:   20:extern bool sensor_hal_read_obstacle(door_side_t side);
        -:   21:extern error_t actuator_hal_set_door_pwm(door_side_t side, int8_t duty_cycle);
        -:   22:extern error_t actuator_hal_set_door_lock(door_side_t side, bool locked);
        -:   23:extern bool safety_monitor_is_safe_to_open(void);
        -:   24:extern void fault_detection_report_fault(uint16_t code, uint8_t severity);
        -:   25:extern bool fault_detection_is_critical_fault_active(void);
        -:   26:
        -:   27:/* Fault codes (partial, from fault_detection module) */
        -:   28:#define FAULT_POSITION_SENSOR         (0x0001U)
        -:   29:#define FAULT_OPEN_INTERLOCK          (0x0010U)
        -:   30:#define FAULT_CLOSE_BLOCKED           (0x0011U)
        -:   31:#define FAULT_DOOR_OPEN_TIMEOUT       (0x0020U)
        -:   32:#define FAULT_DOOR_CLOSE_TIMEOUT      (0x0021U)
        -:   33:#define FAULT_OBSTACLE_OPENING        (0x0030U)
        -:   34:#define FAULT_OBSTACLE_DETECTED       (0x0031U)
        -:   35:#define FAULT_DOOR_NOT_CLOSED_MOVING  (0x0040U)
        -:   36:#define FAULT_ACTUATOR_FAILURE        (0x0050U)
        -:   37:#define FAULT_LOCK_ACTUATOR_FAILURE   (0x0051U)
        -:   38:#define FAULT_EMERGENCY_RELEASE       (0x0060U)
        -:   39:#define FAULT_DOOR_SAFE_STATE_ENTRY   (0x0070U)
        -:   40:#define FAULT_CRITICAL                (0x8000U)
        -:   41:
        -:   42:/* Fault severity levels */
        -:   43:#define FAULT_SEVERITY_MINOR    (0U)
        -:   44:#define FAULT_SEVERITY_MAJOR    (1U)
        -:   45:#define FAULT_SEVERITY_CRITICAL (2U)
        -:   46:
        -:   47:/*===========================================================================*/
        -:   48:/* Private Function Prototypes                                               */
        -:   49:/*===========================================================================*/
        -:   50:
        -:   51:static void door_fsm_process_queued_events(door_fsm_t* fsm);
        -:   52:static error_t door_fsm_transition_to_opening(door_fsm_t* fsm);
        -:   53:static error_t door_fsm_transition_to_open(door_fsm_t* fsm);
        -:   54:static error_t door_fsm_transition_to_closing(door_fsm_t* fsm);
        -:   55:static error_t door_fsm_transition_to_closed(door_fsm_t* fsm);
        -:   56:static error_t door_fsm_transition_to_locked(door_fsm_t* fsm);
        -:   57:static bool event_queue_contains(const door_fsm_t* fsm, door_event_t event);
        -:   58:
        -:   59:/*===========================================================================*/
        -:   60:/* Public Function Implementations                                           */
        -:   61:/*===========================================================================*/
        -:   62:
        -:   63:/**
        -:   64: * @brief Initialize door FSM for specified side
        -:   65: * @complexity 3 (1 base + 2 IF decisions)
        -:   66: */
function door_fsm_init called 46 returned 100% blocks executed 100%
       46:   67:error_t door_fsm_init(door_fsm_t* fsm, door_side_t side)
        -:   68:{
        -:   69:    uint8_t i;
        -:   70:    
        -:   71:    /* Step 1: NULL pointer check (defensive programming) */
       46:   72:    if (fsm == NULL) {                                      /* +1 */
branch  0 taken 2% (fallthrough)
branch  1 taken 98%
        1:   73:        return ERROR_NULL_POINTER;
        -:   74:    }
        -:   75:    
        -:   76:    /* Step 2: Side parameter validation */
       45:   77:    if (side >= DOOR_SIDE_MAX) {                            /* +1 */
branch  0 taken 2% (fallthrough)
branch  1 taken 98%
        1:   78:        return ERROR_INVALID_PARAMETER;
        -:   79:    }
        -:   80:    
        -:   81:    /* Step 3: Initialize FSM structure */
       44:   82:    fsm->current_state = DOOR_STATE_CLOSED;
       44:   83:    fsm->previous_state = DOOR_STATE_CLOSED;
       44:   84:    fsm->side = side;
       44:   85:    fsm->position = 0U;                     /* 0% (fully closed) */
       44:   86:    fsm->locked = false;
       44:   87:    fsm->state_entry_time_ms = get_system_time_ms();
call    0 returned 100%
       44:   88:    fsm->last_update_time_ms = get_system_time_ms();
call    0 returned 100%
       44:   89:    fsm->retry_count = 0U;
       44:   90:    fsm->last_fault_code = 0U;
       44:   91:    fsm->event_queue_head = 0U;
       44:   92:    fsm->event_queue_tail = 0U;
       44:   93:    fsm->event_queue_count = 0U;
        -:   94:    
        -:   95:    /* Step 4: Clear event queue */
      396:   96:    for (i = 0U; i < DOOR_FSM_MAX_EVENTS; i++) {
branch  0 taken 89%
branch  1 taken 11% (fallthrough)
      352:   97:        fsm->event_queue[i] = DOOR_EVENT_NONE;
        -:   98:    }
        -:   99:    
        -:  100:    /* Step 5: Return success */
       44:  101:    return ERROR_SUCCESS;
        -:  102:}
        -:  103:
        -:  104:/**
        -:  105: * @brief Main state machine update function (50ms cycle)
        -:  106: * @complexity 10 (EXACTLY at SIL 3 limit)
        -:  107: * 
        -:  108: * @note FIX for DEF-IMPL-001 (2026-02-22):
        -:  109: *       Event dequeuing moved to END of function (after state processing)
        -:  110: *       to ensure events are visible during state machine logic.
        -:  111: */
function door_fsm_update called 34 returned 100% blocks executed 100%
       34:  112:error_t door_fsm_update(door_fsm_t* fsm)
        -:  113:{
        -:  114:    uint32_t current_time_ms;
        -:  115:    uint32_t time_in_state_ms;
        -:  116:    uint16_t position_raw;
        -:  117:    error_t error;
        -:  118:    bool obstacle;
        -:  119:    
        -:  120:    /* Step 1: NULL pointer check */
       34:  121:    if (fsm == NULL) {                                       /* +1 */
branch  0 taken 3% (fallthrough)
branch  1 taken 97%
        1:  122:        return ERROR_NULL_POINTER;
        -:  123:    }
        -:  124:    
        -:  125:    /* Step 2: Get current time and calculate time in state */
       33:  126:    current_time_ms = get_system_time_ms();
call    0 returned 100%
       33:  127:    time_in_state_ms = current_time_ms - fsm->state_entry_time_ms;
        -:  128:    
        -:  129:    /* Step 3: Read current door position from sensor */
       33:  130:    error = sensor_hal_read_position(fsm->side, &position_raw);
call    0 returned 100%
       33:  131:    if (error == ERROR_SUCCESS) {                            /* +1 */
branch  0 taken 97% (fallthrough)
branch  1 taken 3%
        -:  132:        /* Convert 12-bit ADC (0-4095) to percentage (0-100) */
       32:  133:        fsm->position = (uint8_t)((position_raw * 100U) / 4095U);
        -:  134:    } else {
        -:  135:        /* Sensor failed, use last known position (degraded mode) */
        1:  136:        fault_detection_report_fault(FAULT_POSITION_SENSOR, FAULT_SEVERITY_MAJOR);
call    0 returned 100%
        -:  137:    }
        -:  138:    
        -:  139:    /* Step 4: Process events from queue */
        -:  140:    /* NOTE: Events are checked in state machine below, then dequeued at end */
        -:  141:    /* DO NOT dequeue here - state machine needs to see events in queue */
        -:  142:    
        -:  143:    /* Step 5: Check for critical faults (HIGHEST PRIORITY) */
       33:  144:    if (fault_detection_is_critical_fault_active()) {        /* +1 */
call    0 returned 100%
branch  1 taken 3% (fallthrough)
branch  2 taken 97%
        1:  145:        (void)door_fsm_enter_safe_state(fsm, FAULT_CRITICAL);
call    0 returned 100%
        1:  146:        return ERROR_SUCCESS;
        -:  147:    }
        -:  148:    
        -:  149:    /* Step 6: Main state machine logic (7-way switch = +6 decisions) */
       32:  150:    switch (fsm->current_state) {                            /* +6 */
branch  0 taken 47%
branch  1 taken 12%
branch  2 taken 9%
branch  3 taken 12%
branch  4 taken 6%
branch  5 taken 3%
branch  6 taken 6%
branch  7 taken 3%
        -:  151:        
       15:  152:        case DOOR_STATE_CLOSED:
        -:  153:            /* Door fully closed, ready to open or lock */
       15:  154:            (void)actuator_hal_set_door_pwm(fsm->side, DOOR_FSM_PWM_STOP_DUTY);
call    0 returned 100%
        -:  155:            
        -:  156:            /* Check for open command */
       15:  157:            if (event_queue_contains(fsm, DOOR_EVENT_OPEN_CMD)) {
call    0 returned 100%
branch  1 taken 40% (fallthrough)
branch  2 taken 60%
        -:  158:                /* Safety interlock check */
        6:  159:                if (safety_monitor_is_safe_to_open()) {
call    0 returned 100%
branch  1 taken 83% (fallthrough)
branch  2 taken 17%
        5:  160:                    (void)door_fsm_transition_to_opening(fsm);
call    0 returned 100%
        -:  161:                } else {
        1:  162:                    fault_detection_report_fault(FAULT_OPEN_INTERLOCK, FAULT_SEVERITY_MINOR);
call    0 returned 100%
        -:  163:                }
        -:  164:            }
        -:  165:            /* Check for lock command */
        9:  166:            else if (event_queue_contains(fsm, DOOR_EVENT_LOCK_CMD)) {
call    0 returned 100%
branch  1 taken 56% (fallthrough)
branch  2 taken 44%
        5:  167:                (void)door_fsm_transition_to_locked(fsm);
call    0 returned 100%
        -:  168:            } else {
        -:  169:                /* No action */
        -:  170:            }
       15:  171:            break;
        -:  172:        
        4:  173:        case DOOR_STATE_OPENING:
        -:  174:            /* Door opening, apply PWM and monitor position */
        4:  175:            (void)actuator_hal_set_door_pwm(fsm->side, DOOR_FSM_PWM_OPEN_DUTY);
call    0 returned 100%
        -:  176:            
        -:  177:            /* Check if fully open (position ≥ 95%) */
        4:  178:            if (fsm->position >= DOOR_FSM_POSITION_OPEN_PCT) {
branch  0 taken 50% (fallthrough)
branch  1 taken 50%
        2:  179:                (void)door_fsm_transition_to_open(fsm);
call    0 returned 100%
        -:  180:            }
        -:  181:            /* Check for timeout (5 seconds) */
        2:  182:            else if (time_in_state_ms > DOOR_FSM_OPEN_TIMEOUT_MS) {
branch  0 taken 50% (fallthrough)
branch  1 taken 50%
        1:  183:                fault_detection_report_fault(FAULT_DOOR_OPEN_TIMEOUT, FAULT_SEVERITY_MAJOR);
call    0 returned 100%
        1:  184:                (void)door_fsm_enter_safe_state(fsm, FAULT_DOOR_OPEN_TIMEOUT);
call    0 returned 100%
        -:  185:            }
        -:  186:            /* Check for obstacle (defensive, should not happen during opening) */
        -:  187:            else {
        1:  188:                obstacle = sensor_hal_read_obstacle(fsm->side);
call    0 returned 100%
        1:  189:                if (obstacle) {
branch  0 taken 100% (fallthrough)
branch  1 taken 0%
        1:  190:                    (void)actuator_hal_set_door_pwm(fsm->side, DOOR_FSM_PWM_STOP_DUTY);
call    0 returned 100%
        1:  191:                    fault_detection_report_fault(FAULT_OBSTACLE_OPENING, FAULT_SEVERITY_MAJOR);
call    0 returned 100%
        1:  192:                    (void)door_fsm_enter_safe_state(fsm, FAULT_OBSTACLE_OPENING);
call    0 returned 100%
        -:  193:                }
        -:  194:            }
        4:  195:            break;
        -:  196:        
        3:  197:        case DOOR_STATE_OPEN:
        -:  198:            /* Door fully open, maintain position */
        3:  199:            (void)actuator_hal_set_door_pwm(fsm->side, DOOR_FSM_PWM_STOP_DUTY);
call    0 returned 100%
        -:  200:            
        -:  201:            /* Check for close command */
        3:  202:            if (event_queue_contains(fsm, DOOR_EVENT_CLOSE_CMD)) {
call    0 returned 100%
branch  1 taken 100% (fallthrough)
branch  2 taken 0%
        -:  203:                /* Check no obstacle present */
        3:  204:                obstacle = sensor_hal_read_obstacle(fsm->side);
call    0 returned 100%
        3:  205:                if (!obstacle) {
branch  0 taken 67% (fallthrough)
branch  1 taken 33%
        2:  206:                    (void)door_fsm_transition_to_closing(fsm);
call    0 returned 100%
        -:  207:                } else {
        1:  208:                    fault_detection_report_fault(FAULT_CLOSE_BLOCKED, FAULT_SEVERITY_MINOR);
call    0 returned 100%
        -:  209:                }
        -:  210:            }
        3:  211:            break;
        -:  212:        
        4:  213:        case DOOR_STATE_CLOSING:
        -:  214:            /* Door closing, apply reverse PWM, monitor obstacles */
        4:  215:            (void)actuator_hal_set_door_pwm(fsm->side, DOOR_FSM_PWM_CLOSE_DUTY);
call    0 returned 100%
        -:  216:            
        -:  217:            /* Check if fully closed (position ≤ 5%) */
        4:  218:            if (fsm->position <= DOOR_FSM_POSITION_CLOSED_PCT) {
branch  0 taken 50% (fallthrough)
branch  1 taken 50%
        2:  219:                (void)door_fsm_transition_to_closed(fsm);
call    0 returned 100%
        -:  220:            }
        -:  221:            /* CRITICAL: Check for obstacle (reaction time ≤ 100ms) */
        -:  222:            else {
        2:  223:                obstacle = sensor_hal_read_obstacle(fsm->side);
call    0 returned 100%
        2:  224:                if (obstacle) {
branch  0 taken 50% (fallthrough)
branch  1 taken 50%
        -:  225:                    /* Immediate stop and reverse */
        1:  226:                    (void)actuator_hal_set_door_pwm(fsm->side, DOOR_FSM_PWM_STOP_DUTY);
call    0 returned 100%
        1:  227:                    fault_detection_report_fault(FAULT_OBSTACLE_DETECTED, FAULT_SEVERITY_MINOR);
call    0 returned 100%
        -:  228:                    /* Reverse to open by 20% */
        1:  229:                    (void)door_fsm_transition_to_opening(fsm);
call    0 returned 100%
        -:  230:                }
        -:  231:                /* Check for timeout (7 seconds) */
        1:  232:                else if (time_in_state_ms > DOOR_FSM_CLOSE_TIMEOUT_MS) {
branch  0 taken 100% (fallthrough)
branch  1 taken 0%
        1:  233:                    fault_detection_report_fault(FAULT_DOOR_CLOSE_TIMEOUT, FAULT_SEVERITY_MAJOR);
call    0 returned 100%
        1:  234:                    (void)door_fsm_enter_safe_state(fsm, FAULT_DOOR_CLOSE_TIMEOUT);
call    0 returned 100%
        -:  235:                } else {
        -:  236:                    /* No action */
        -:  237:                }
        -:  238:            }
        4:  239:            break;
        -:  240:        
        2:  241:        case DOOR_STATE_LOCKED:
        -:  242:            /* Door locked (train speed > 5 km/h) */
        2:  243:            (void)actuator_hal_set_door_pwm(fsm->side, DOOR_FSM_PWM_STOP_DUTY);
call    0 returned 100%
        2:  244:            (void)actuator_hal_set_door_lock(fsm->side, true);
call    0 returned 100%
        2:  245:            fsm->locked = true;
        -:  246:            
        -:  247:            /* Check for unlock command (from safety monitor) */
        2:  248:            if (event_queue_contains(fsm, DOOR_EVENT_UNLOCK_CMD)) {
call    0 returned 100%
branch  1 taken 100% (fallthrough)
branch  2 taken 0%
        -:  249:                /* Safety approved unlock (speed < 2 km/h for ≥1s) */
        2:  250:                (void)door_fsm_transition_to_closed(fsm);
call    0 returned 100%
        -:  251:            }
        2:  252:            break;
        -:  253:        
        1:  254:        case DOOR_STATE_EMERGENCY:
        -:  255:            /* Emergency release activated (hardware override) */
        1:  256:            (void)actuator_hal_set_door_pwm(fsm->side, DOOR_FSM_PWM_STOP_DUTY);
call    0 returned 100%
        1:  257:            (void)actuator_hal_set_door_lock(fsm->side, false);
call    0 returned 100%
        1:  258:            fsm->locked = false;
        -:  259:            
        -:  260:            /* Log emergency event */
        1:  261:            fault_detection_report_fault(FAULT_EMERGENCY_RELEASE, FAULT_SEVERITY_CRITICAL);
call    0 returned 100%
        -:  262:            
        -:  263:            /* Stay in EMERGENCY state until manual reset */
        1:  264:            break;
        -:  265:        
        2:  266:        case DOOR_STATE_FAULT:
        -:  267:            /* Safe state: disable all actuators */
        2:  268:            (void)actuator_hal_set_door_pwm(fsm->side, DOOR_FSM_PWM_STOP_DUTY);
call    0 returned 100%
        -:  269:            
        -:  270:            /* Lock door if closed, otherwise hold position */
        2:  271:            if (fsm->position <= DOOR_FSM_POSITION_CLOSED_PCT) {
branch  0 taken 50% (fallthrough)
branch  1 taken 50%
        1:  272:                (void)actuator_hal_set_door_lock(fsm->side, true);
call    0 returned 100%
        -:  273:            }
        -:  274:            
        -:  275:            /* Await manual reset or fault clearance */
        2:  276:            break;
        -:  277:        
        1:  278:        default:
        -:  279:            /* Invalid state - enter safe state */
        1:  280:            (void)door_fsm_enter_safe_state(fsm, FAULT_CRITICAL);
call    0 returned 100%
        1:  281:            break;
        -:  282:    }
        -:  283:    
        -:  284:    /* Step 7: Dequeue processed event (if any) */
        -:  285:    /* FIX for DEF-IMPL-001: Dequeue AFTER state machine processes event */
       32:  286:    door_fsm_process_queued_events(fsm);
call    0 returned 100%
        -:  287:    
        -:  288:    /* Step 8: Update timestamp */
       32:  289:    fsm->last_update_time_ms = current_time_ms;
        -:  290:    
        -:  291:    /* Step 9: Return success */
       32:  292:    return ERROR_SUCCESS;
        -:  293:}
        -:  294:
        -:  295:/**
        -:  296: * @brief Queue external event for processing
        -:  297: * @complexity 7 (1 base + 6 decisions)
        -:  298: */
function door_fsm_process_event called 34 returned 100% blocks executed 100%
       34:  299:error_t door_fsm_process_event(door_fsm_t* fsm, door_event_t event)
        -:  300:{
        -:  301:    uint8_t i;
        -:  302:    uint8_t queue_index;
        -:  303:    
        -:  304:    /* Step 1: NULL pointer check */
       34:  305:    if (fsm == NULL) {                                       /* +1 */
branch  0 taken 3% (fallthrough)
branch  1 taken 97%
        1:  306:        return ERROR_NULL_POINTER;
        -:  307:    }
        -:  308:    
        -:  309:    /* Step 2: Event validation */
       33:  310:    if (event >= DOOR_EVENT_MAX) {                           /* +1 */
branch  0 taken 3% (fallthrough)
branch  1 taken 97%
        1:  311:        return ERROR_INVALID_PARAMETER;
        -:  312:    }
        -:  313:    
        -:  314:    /* Step 3: Check if event queue is full */
       32:  315:    if (fsm->event_queue_count >= DOOR_FSM_MAX_EVENTS) {    /* +1 */
branch  0 taken 3% (fallthrough)
branch  1 taken 97%
        1:  316:        return ERROR_BUFFER_FULL;
        -:  317:    }
        -:  318:    
        -:  319:    /* Step 4: Special handling for emergency events (highest priority) */
       31:  320:    if (event == DOOR_EVENT_EMERGENCY_RELEASE) {             /* +1 */
branch  0 taken 6% (fallthrough)
branch  1 taken 94%
        -:  321:        /* Immediate transition, bypass queue */
        2:  322:        fsm->current_state = DOOR_STATE_EMERGENCY;
        2:  323:        (void)actuator_hal_set_door_lock(fsm->side, false);
call    0 returned 100%
        2:  324:        return ERROR_SUCCESS;
        -:  325:    }
        -:  326:    
        -:  327:    /* Step 5: Check for duplicate events in queue */
       60:  328:    for (i = 0U; i < fsm->event_queue_count; i++) {         /* +1 */
branch  0 taken 53%
branch  1 taken 47% (fallthrough)
       32:  329:        queue_index = (fsm->event_queue_head + i) % DOOR_FSM_MAX_EVENTS;
       32:  330:        if (fsm->event_queue[queue_index] == event) {       /* +1 */
branch  0 taken 3% (fallthrough)
branch  1 taken 97%
        -:  331:            /* Event already in queue, don't add duplicate */
        1:  332:            return ERROR_SUCCESS;
        -:  333:        }
        -:  334:    }
        -:  335:    
        -:  336:    /* Step 6: Enqueue event (circular buffer) */
       28:  337:    fsm->event_queue[fsm->event_queue_tail] = event;
       28:  338:    fsm->event_queue_tail = (fsm->event_queue_tail + 1U) % DOOR_FSM_MAX_EVENTS;
       28:  339:    fsm->event_queue_count++;
        -:  340:    
        -:  341:    /* Step 7: Return success */
       28:  342:    return ERROR_SUCCESS;
        -:  343:}
        -:  344:
        -:  345:/**
        -:  346: * @brief Force door to safe state (FAULT)
        -:  347: * @complexity 3 (1 base + 2 decisions)
        -:  348: */
function door_fsm_enter_safe_state called 13 returned 100% blocks executed 100%
       13:  349:error_t door_fsm_enter_safe_state(door_fsm_t* fsm, uint16_t fault_code)
        -:  350:{
        -:  351:    /* Step 1: NULL check */
       13:  352:    if (fsm == NULL) {                                       /* +1 */
branch  0 taken 8% (fallthrough)
branch  1 taken 92%
        1:  353:        return ERROR_NULL_POINTER;
        -:  354:    }
        -:  355:    
        -:  356:    /* Step 2: Record previous state */
       12:  357:    fsm->previous_state = fsm->current_state;
        -:  358:    
        -:  359:    /* Step 3: Set safe state */
       12:  360:    fsm->current_state = DOOR_STATE_FAULT;
       12:  361:    fsm->state_entry_time_ms = get_system_time_ms();
call    0 returned 100%
       12:  362:    fsm->last_fault_code = fault_code;
        -:  363:    
        -:  364:    /* Step 4: Disable all actuators (SAFE STATE) */
       12:  365:    (void)actuator_hal_set_door_pwm(fsm->side, DOOR_FSM_PWM_STOP_DUTY);
call    0 returned 100%
        -:  366:    
        -:  367:    /* Step 5: Lock door if closed, otherwise release lock (allow manual operation) */
       12:  368:    if (fsm->position <= DOOR_FSM_POSITION_CLOSED_PCT) {    /* +1 */
branch  0 taken 42% (fallthrough)
branch  1 taken 58%
        5:  369:        (void)actuator_hal_set_door_lock(fsm->side, true);
call    0 returned 100%
        5:  370:        fsm->locked = true;
        -:  371:    } else {
        7:  372:        (void)actuator_hal_set_door_lock(fsm->side, false);
call    0 returned 100%
        7:  373:        fsm->locked = false;
        -:  374:    }
        -:  375:    
        -:  376:    /* Step 6: Log safe state entry */
       12:  377:    fault_detection_report_fault(FAULT_DOOR_SAFE_STATE_ENTRY, FAULT_SEVERITY_MAJOR);
call    0 returned 100%
        -:  378:    
       12:  379:    return ERROR_SUCCESS;
        -:  380:}
        -:  381:
        -:  382:/**
        -:  383: * @brief Get current door state (accessor)
        -:  384: * @complexity 2 (1 base + 1 IF)
        -:  385: */
function door_fsm_get_state called 2 returned 100% blocks executed 100%
        2:  386:door_state_t door_fsm_get_state(const door_fsm_t* fsm)
        -:  387:{
        -:  388:    /* Defensive NULL check */
        2:  389:    if (fsm == NULL) {                                       /* +1 */
branch  0 taken 50% (fallthrough)
branch  1 taken 50%
        1:  390:        return DOOR_STATE_FAULT;  /* Fail-safe default */
        -:  391:    }
        -:  392:    
        1:  393:    return fsm->current_state;
        -:  394:}
        -:  395:
        -:  396:/**
        -:  397: * @brief Get current door position (0-100%)
        -:  398: * @complexity 2 (1 base + 1 IF)
        -:  399: */
function door_fsm_get_position called 2 returned 100% blocks executed 100%
        2:  400:uint8_t door_fsm_get_position(const door_fsm_t* fsm)
        -:  401:{
        -:  402:    /* Defensive NULL check */
        2:  403:    if (fsm == NULL) {                                       /* +1 */
branch  0 taken 50% (fallthrough)
branch  1 taken 50%
        1:  404:        return 0U;  /* Fail-safe: assume closed */
        -:  405:    }
        -:  406:    
        1:  407:    return fsm->position;
        -:  408:}
        -:  409:
        -:  410:/**
        -:  411: * @brief Get door lock status
        -:  412: * @complexity 2 (1 base + 1 IF)
        -:  413: */
function door_fsm_is_locked called 3 returned 100% blocks executed 100%
        3:  414:bool door_fsm_is_locked(const door_fsm_t* fsm)
        -:  415:{
        -:  416:    /* Defensive NULL check */
        3:  417:    if (fsm == NULL) {                                       /* +1 */
branch  0 taken 33% (fallthrough)
branch  1 taken 67%
        1:  418:        return false;  /* Fail-safe: assume unlocked */
        -:  419:    }
        -:  420:    
        2:  421:    return fsm->locked;
        -:  422:}
        -:  423:
        -:  424:/*===========================================================================*/
        -:  425:/* Private Function Implementations                                          */
        -:  426:/*===========================================================================*/
        -:  427:
        -:  428:/**
        -:  429: * @brief Dequeue processed event from queue (helper function)
        -:  430: * @complexity 2 (1 base + 1 IF)
        -:  431: * 
        -:  432: * @note CRITICAL FIX (DEF-IMPL-001 - 2026-02-22):
        -:  433: *       This function is now called AFTER the state machine processes events,
        -:  434: *       not before. Previously, events were dequeued before event_queue_contains()
        -:  435: *       checked for them, making event-driven transitions impossible.
        -:  436: *       
        -:  437: *       New flow:
        -:  438: *       1. door_fsm_update() reads sensors
        -:  439: *       2. State machine checks event_queue_contains() (events still in queue)
        -:  440: *       3. State machine processes event and transitions
        -:  441: *       4. door_fsm_process_queued_events() dequeues the processed event
        -:  442: *       
        -:  443: *       This ensures events are visible to the state machine during processing.
        -:  444: */
function door_fsm_process_queued_events called 32 returned 100% blocks executed 100%
       32:  445:static void door_fsm_process_queued_events(door_fsm_t* fsm)
        -:  446:{
        -:  447:    /* Step 1: Check if queue is empty */
       32:  448:    if (fsm->event_queue_count == 0U) {                      /* +1 */
branch  0 taken 50% (fallthrough)
branch  1 taken 50%
       16:  449:        return;
        -:  450:    }
        -:  451:    
        -:  452:    /* Step 2: Dequeue the event that was just processed by state machine */
        -:  453:    /* The state machine has already acted on this event in the main switch */
       16:  454:    fsm->event_queue_head = (fsm->event_queue_head + 1U) % DOOR_FSM_MAX_EVENTS;
       16:  455:    fsm->event_queue_count--;
        -:  456:}
        -:  457:
        -:  458:/**
        -:  459: * @brief Transition to OPENING state
        -:  460: * @complexity 3 (1 base + 2 IF)
        -:  461: */
function door_fsm_transition_to_opening called 6 returned 100% blocks executed 100%
        6:  462:static error_t door_fsm_transition_to_opening(door_fsm_t* fsm)
        -:  463:{
        -:  464:    error_t error;
        -:  465:    
        -:  466:    /* Step 1: Record previous state */
        6:  467:    fsm->previous_state = fsm->current_state;
        -:  468:    
        -:  469:    /* Step 2: Set new state */
        6:  470:    fsm->current_state = DOOR_STATE_OPENING;
        6:  471:    fsm->state_entry_time_ms = get_system_time_ms();
call    0 returned 100%
        6:  472:    fsm->retry_count = 0U;
        -:  473:    
        -:  474:    /* Step 3: Unlock door (if locked) */
        6:  475:    if (fsm->locked) {                                       /* +1 */
branch  0 taken 17% (fallthrough)
branch  1 taken 83%
        1:  476:        fsm->locked = false;
        1:  477:        (void)actuator_hal_set_door_lock(fsm->side, false);
call    0 returned 100%
        -:  478:    }
        -:  479:    
        -:  480:    /* Step 4: Apply opening PWM */
        6:  481:    error = actuator_hal_set_door_pwm(fsm->side, DOOR_FSM_PWM_OPEN_DUTY);
call    0 returned 100%
        6:  482:    if (error != ERROR_SUCCESS) {                            /* +1 */
branch  0 taken 17% (fallthrough)
branch  1 taken 83%
        1:  483:        fault_detection_report_fault(FAULT_ACTUATOR_FAILURE, FAULT_SEVERITY_MAJOR);
call    0 returned 100%
        1:  484:        return error;
        -:  485:    }
        -:  486:    
        5:  487:    return ERROR_SUCCESS;
        -:  488:}
        -:  489:
        -:  490:/**
        -:  491: * @brief Transition to OPEN state (door fully open)
        -:  492: * @complexity 2 (1 base + 1 IF)
        -:  493: */
function door_fsm_transition_to_open called 2 returned 100% blocks executed 100%
        2:  494:static error_t door_fsm_transition_to_open(door_fsm_t* fsm)
        -:  495:{
        -:  496:    error_t error;
        -:  497:    
        -:  498:    /* Step 1: Record previous state */
        2:  499:    fsm->previous_state = fsm->current_state;
        -:  500:    
        -:  501:    /* Step 2: Set new state */
        2:  502:    fsm->current_state = DOOR_STATE_OPEN;
        2:  503:    fsm->state_entry_time_ms = get_system_time_ms();
call    0 returned 100%
        -:  504:    
        -:  505:    /* Step 3: Stop motor (door is fully open) */
        2:  506:    error = actuator_hal_set_door_pwm(fsm->side, DOOR_FSM_PWM_STOP_DUTY);
call    0 returned 100%
        2:  507:    if (error != ERROR_SUCCESS) {                            /* +1 */
branch  0 taken 50% (fallthrough)
branch  1 taken 50%
        1:  508:        fault_detection_report_fault(FAULT_ACTUATOR_FAILURE, FAULT_SEVERITY_MAJOR);
call    0 returned 100%
        1:  509:        return error;
        -:  510:    }
        -:  511:    
        1:  512:    return ERROR_SUCCESS;
        -:  513:}
        -:  514:
        -:  515:/**
        -:  516: * @brief Transition to CLOSING state
        -:  517: * @complexity 2 (1 base + 1 IF)
        -:  518: */
function door_fsm_transition_to_closing called 2 returned 100% blocks executed 100%
        2:  519:static error_t door_fsm_transition_to_closing(door_fsm_t* fsm)
        -:  520:{
        -:  521:    error_t error;
        -:  522:    
        -:  523:    /* Step 1: Record previous state */
        2:  524:    fsm->previous_state = fsm->current_state;
        -:  525:    
        -:  526:    /* Step 2: Set new state */
        2:  527:    fsm->current_state = DOOR_STATE_CLOSING;
        2:  528:    fsm->state_entry_time_ms = get_system_time_ms();
call    0 returned 100%
        2:  529:    fsm->retry_count = 0U;
        -:  530:    
        -:  531:    /* Step 3: Apply closing PWM (reverse direction, negative duty) */
        2:  532:    error = actuator_hal_set_door_pwm(fsm->side, DOOR_FSM_PWM_CLOSE_DUTY);
call    0 returned 100%
        2:  533:    if (error != ERROR_SUCCESS) {                            /* +1 */
branch  0 taken 50% (fallthrough)
branch  1 taken 50%
        1:  534:        fault_detection_report_fault(FAULT_ACTUATOR_FAILURE, FAULT_SEVERITY_MAJOR);
call    0 returned 100%
        1:  535:        return error;
        -:  536:    }
        -:  537:    
        1:  538:    return ERROR_SUCCESS;
        -:  539:}
        -:  540:
        -:  541:/**
        -:  542: * @brief Transition to CLOSED state (door fully closed)
        -:  543: * @complexity 3 (1 base + 2 IF)
        -:  544: */
function door_fsm_transition_to_closed called 4 returned 100% blocks executed 100%
        4:  545:static error_t door_fsm_transition_to_closed(door_fsm_t* fsm)
        -:  546:{
        -:  547:    error_t error;
        -:  548:    
        -:  549:    /* Step 1: Record previous state */
        4:  550:    fsm->previous_state = fsm->current_state;
        -:  551:    
        -:  552:    /* Step 2: Set new state */
        4:  553:    fsm->current_state = DOOR_STATE_CLOSED;
        4:  554:    fsm->state_entry_time_ms = get_system_time_ms();
call    0 returned 100%
        -:  555:    
        -:  556:    /* Step 3: Stop motor */
        4:  557:    error = actuator_hal_set_door_pwm(fsm->side, DOOR_FSM_PWM_STOP_DUTY);
call    0 returned 100%
        4:  558:    if (error != ERROR_SUCCESS) {                            /* +1 */
branch  0 taken 25% (fallthrough)
branch  1 taken 75%
        1:  559:        fault_detection_report_fault(FAULT_ACTUATOR_FAILURE, FAULT_SEVERITY_MAJOR);
call    0 returned 100%
        1:  560:        return error;
        -:  561:    }
        -:  562:    
        -:  563:    /* Step 4: Unlock door (if it was locked) */
        3:  564:    if (fsm->locked) {                                       /* +1 */
branch  0 taken 67% (fallthrough)
branch  1 taken 33%
        2:  565:        fsm->locked = false;
        2:  566:        (void)actuator_hal_set_door_lock(fsm->side, false);
call    0 returned 100%
        -:  567:    }
        -:  568:    
        3:  569:    return ERROR_SUCCESS;
        -:  570:}
        -:  571:
        -:  572:/**
        -:  573: * @brief Transition to LOCKED state (speed > 5 km/h)
        -:  574: * @complexity 4 (1 base + 3 IF)
        -:  575: */
function door_fsm_transition_to_locked called 5 returned 100% blocks executed 100%
        5:  576:static error_t door_fsm_transition_to_locked(door_fsm_t* fsm)
        -:  577:{
        -:  578:    error_t error;
        -:  579:    
        -:  580:    /* Step 1: Validate door is closed */
        5:  581:    if (fsm->position > DOOR_FSM_POSITION_CLOSED_PCT) {     /* +1 */
branch  0 taken 40% (fallthrough)
branch  1 taken 60%
        -:  582:        /* CRITICAL FAULT: door not closed when attempting lock */
        2:  583:        fault_detection_report_fault(FAULT_DOOR_NOT_CLOSED_MOVING, FAULT_SEVERITY_CRITICAL);
call    0 returned 100%
        2:  584:        (void)door_fsm_enter_safe_state(fsm, FAULT_DOOR_NOT_CLOSED_MOVING);
call    0 returned 100%
        2:  585:        return ERROR_INVALID_STATE;
        -:  586:    }
        -:  587:    
        -:  588:    /* Step 2: Record previous state */
        3:  589:    fsm->previous_state = fsm->current_state;
        -:  590:    
        -:  591:    /* Step 3: Set new state */
        3:  592:    fsm->current_state = DOOR_STATE_LOCKED;
        3:  593:    fsm->state_entry_time_ms = get_system_time_ms();
call    0 returned 100%
        3:  594:    fsm->locked = true;
        -:  595:    
        -:  596:    /* Step 4: Engage lock solenoid */
        3:  597:    error = actuator_hal_set_door_lock(fsm->side, true);
call    0 returned 100%
        3:  598:    if (error != ERROR_SUCCESS) {                            /* +1 */
branch  0 taken 33% (fallthrough)
branch  1 taken 67%
        1:  599:        fault_detection_report_fault(FAULT_LOCK_ACTUATOR_FAILURE, FAULT_SEVERITY_CRITICAL);
call    0 returned 100%
        1:  600:        return error;
        -:  601:    }
        -:  602:    
        -:  603:    /* Step 5: Stop motor (ensure door doesn't move) */
        2:  604:    error = actuator_hal_set_door_pwm(fsm->side, DOOR_FSM_PWM_STOP_DUTY);
call    0 returned 100%
        2:  605:    if (error != ERROR_SUCCESS) {                            /* +1 */
branch  0 taken 50% (fallthrough)
branch  1 taken 50%
        1:  606:        fault_detection_report_fault(FAULT_ACTUATOR_FAILURE, FAULT_SEVERITY_MAJOR);
call    0 returned 100%
        1:  607:        return error;
        -:  608:    }
        -:  609:    
        1:  610:    return ERROR_SUCCESS;
        -:  611:}
        -:  612:
        -:  613:/**
        -:  614: * @brief Helper: Check if event is in queue
        -:  615: * @complexity 3 (1 base + 2 IF)
        -:  616: */
function event_queue_contains called 29 returned 100% blocks executed 100%
       29:  617:static bool event_queue_contains(const door_fsm_t* fsm, door_event_t event)
        -:  618:{
        -:  619:    uint8_t i;
        -:  620:    uint8_t queue_index;
        -:  621:    
        -:  622:    /* Check if queue is empty */
       29:  623:    if (fsm->event_queue_count == 0U) {                      /* +1 */
branch  0 taken 28% (fallthrough)
branch  1 taken 72%
        8:  624:        return false;
        -:  625:    }
        -:  626:    
        -:  627:    /* Search queue */
       26:  628:    for (i = 0U; i < fsm->event_queue_count; i++) {         /* +1 */
branch  0 taken 81%
branch  1 taken 19% (fallthrough)
       21:  629:        queue_index = (fsm->event_queue_head + i) % DOOR_FSM_MAX_EVENTS;
       21:  630:        if (fsm->event_queue[queue_index] == event) {
branch  0 taken 76% (fallthrough)
branch  1 taken 24%
       16:  631:            return true;
        -:  632:        }
        -:  633:    }
        -:  634:    
        5:  635:    return false;
        -:  636:}
